{"level":"info","message":"Server initialized and Winston configured.","timestamp":"2024-11-21T22:15:13.372Z"}
{"level":"info","message":"Server running on port 5000","timestamp":"2024-11-21T22:19:33.255Z"}
{"level":"error","message":"Error in /purchase-pack for s1transitioncontact@gmail.com: This PaymentIntent is configured to accept payment methods enabled in your Dashboard. Because some of these payment methods might redirect your customer off of your page, you must provide a `return_url`. If you don't want to accept redirect-based payment methods, set `automatic_payment_methods[enabled]` to `true` and `automatic_payment_methods[allow_redirects]` to `never` when creating Setup Intents and Payment Intents.","timestamp":"2024-11-21T22:19:41.999Z"}
{"level":"info","message":"Server running on port 5000","timestamp":"2024-11-21T22:22:31.187Z"}
{"level":"info","message":"Server initialized.","timestamp":"2024-11-21T22:23:03.039Z"}
{"level":"info","message":"Server running on port 5000","timestamp":"2024-11-21T22:23:03.043Z"}
{"level":"info","message":"Credits updated for s1transitioncontact@gmail.com. Credits added: 5. Total credits: 5","timestamp":"2024-11-21T22:23:20.661Z"}
{"level":"info","message":"Search used for s1transitioncontact@gmail.com. Remaining credits: 4","timestamp":"2024-11-21T22:25:55.432Z"}
{"level":"info","message":"Server initialized.","timestamp":"2024-11-21T22:29:17.453Z"}
{"level":"info","message":"Server running on port 5000","timestamp":"2024-11-21T22:29:17.458Z"}
{"level":"info","message":"Server initialized.","timestamp":"2024-11-21T22:30:59.137Z"}
{"level":"info","message":"Server running on port 5000","timestamp":"2024-11-21T22:30:59.142Z"}
{"level":"info","message":"Credits reset for s1transitioncontact@gmail.com","timestamp":"2024-11-21T22:31:12.984Z"}
{"level":"info","message":"Credits updated for s1transitioncontact@gmail.com: 5","timestamp":"2024-11-21T22:31:39.474Z"}
{"level":"info","message":"Credits updated for s1transitioncontact@gmail.com: 10","timestamp":"2024-11-21T22:31:48.195Z"}
{"level":"info","message":"Credits updated for s1transitioncontact@gmail.com: 15","timestamp":"2024-11-21T22:31:51.362Z"}
{"level":"info","message":"Server initialized.","timestamp":"2024-11-21T22:46:53.912Z"}
{"level":"info","message":"Server running on port 5000","timestamp":"2024-11-21T22:46:53.917Z"}
{"level":"info","message":"Credits updated for s1transitioncontact@gmail.com: 5","timestamp":"2024-11-21T22:47:17.530Z"}
{"level":"info","message":"Server initialized.","timestamp":"2024-11-21T22:51:56.921Z"}
{"level":"info","message":"Server running on port 5000","timestamp":"2024-11-21T22:51:56.926Z"}
{"level":"info","message":"Credits updated for s1transitioncontact@gmail.com: 5","timestamp":"2024-11-21T22:53:14.082Z"}
{"level":"info","message":"Credits updated for s1transitioncontact@gmail.com: 10","timestamp":"2024-11-21T22:54:14.786Z"}
{"level":"info","message":"Search used for s1transitioncontact@gmail.com. Remaining credits: 9","timestamp":"2024-11-21T22:54:54.594Z"}
{"level":"info","message":"Search used for s1transitioncontact@gmail.com. Remaining credits: 8","timestamp":"2024-11-21T22:54:58.487Z"}
{"level":"info","message":"Search used for s1transitioncontact@gmail.com. Remaining credits: 7","timestamp":"2024-11-21T22:55:00.110Z"}
{"level":"info","message":"Search used for s1transitioncontact@gmail.com. Remaining credits: 6","timestamp":"2024-11-21T22:55:03.209Z"}
{"level":"info","message":"Search used for s1transitioncontact@gmail.com. Remaining credits: 5","timestamp":"2024-11-21T22:55:04.078Z"}
{"level":"info","message":"Search used for s1transitioncontact@gmail.com. Remaining credits: 4","timestamp":"2024-11-21T22:55:05.115Z"}
{"level":"info","message":"Search used for s1transitioncontact@gmail.com. Remaining credits: 3","timestamp":"2024-11-21T22:55:05.989Z"}
{"level":"info","message":"Search used for s1transitioncontact@gmail.com. Remaining credits: 2","timestamp":"2024-11-21T22:55:06.920Z"}
{"level":"info","message":"Search used for s1transitioncontact@gmail.com. Remaining credits: 1","timestamp":"2024-11-21T22:55:07.854Z"}
{"level":"info","message":"Search used for s1transitioncontact@gmail.com. Remaining credits: 0","timestamp":"2024-11-21T22:55:08.884Z"}
{"level":"warn","message":"No remaining credits for s1transitioncontact@gmail.com","timestamp":"2024-11-21T22:55:13.363Z"}
{"level":"info","message":"Server initialized.","timestamp":"2024-11-21T23:04:58.994Z"}
{"level":"info","message":"Server running on port 5000","timestamp":"2024-11-21T23:04:58.999Z"}
{"level":"info","message":"Server initialized.","timestamp":"2024-11-22T01:48:31.106Z"}
{"level":"info","message":"Server running on port 5000","timestamp":"2024-11-22T01:48:31.110Z"}
{"level":"error","message":"Error purchasing pack for s1transitioncontact@gmail.com: This PaymentIntent is configured to accept payment methods enabled in your Dashboard. Because some of these payment methods might redirect your customer off of your page, you must provide a `return_url`. If you don't want to accept redirect-based payment methods, set `automatic_payment_methods[enabled]` to `true` and `automatic_payment_methods[allow_redirects]` to `never` when creating Setup Intents and Payment Intents.","timestamp":"2024-11-22T01:55:00.972Z"}
{"level":"info","message":"Server initialized.","timestamp":"2024-11-22T02:36:48.624Z"}
{"level":"info","message":"Server running on port 5000","timestamp":"2024-11-22T02:36:48.629Z"}
{"level":"info","message":"Server initialized.","timestamp":"2024-11-22T03:17:49.329Z"}
{"level":"info","message":"Server running on port 5000","timestamp":"2024-11-22T03:17:49.333Z"}
{"level":"error","message":"Error purchasing pack for s1transitioncontact@gmail.com: This PaymentIntent is configured to accept payment methods enabled in your Dashboard. Because some of these payment methods might redirect your customer off of your page, you must provide a `return_url`. If you don't want to accept redirect-based payment methods, set `automatic_payment_methods[enabled]` to `true` and `automatic_payment_methods[allow_redirects]` to `never` when creating Setup Intents and Payment Intents.","timestamp":"2024-11-22T03:19:48.977Z"}
{"level":"info","message":"Server initialized.","timestamp":"2024-11-22T03:21:51.739Z"}
{"level":"info","message":"Server running on port 5000","timestamp":"2024-11-22T03:21:51.744Z"}
{"level":"info","message":"Credits updated for s1transitioncontact@gmail.com: 5","timestamp":"2024-11-22T03:22:14.895Z"}
{"level":"info","message":"Credits updated for s1transitioncontact@gmail.com: 10","timestamp":"2024-11-22T03:22:55.966Z"}
{"level":"info","message":"Server initialized.","timestamp":"2024-11-22T04:25:32.787Z"}
{"level":"info","message":"Server running on port 5000","timestamp":"2024-11-22T04:25:32.792Z"}
{"level":"info","message":"Credits checked for s1transitioncontact@gmail.com: 0","timestamp":"2024-11-22T04:25:43.352Z"}
{"level":"info","message":"Server initialized.","timestamp":"2024-11-22T04:27:25.139Z"}
{"level":"info","message":"Server running on port 5000","timestamp":"2024-11-22T04:27:25.145Z"}
{"level":"info","message":"Credits checked for s1transitioncontact@gmail.com: 0","timestamp":"2024-11-22T04:27:38.530Z"}
{"level":"info","message":"Credits updated for s1transitioncontact@gmail.com: 5","timestamp":"2024-11-22T04:27:58.755Z"}
{"level":"info","message":"Credits checked for s1transitioncontact@gmail.com: 5","timestamp":"2024-11-22T04:28:18.834Z"}
{"level":"info","message":"User s1transitioncontact@gmail.com used a search. Remaining credits: 4","timestamp":"2024-11-22T04:28:27.121Z"}
{"level":"info","message":"User s1transitioncontact@gmail.com used a search. Remaining credits: 3","timestamp":"2024-11-22T04:28:28.907Z"}
{"level":"info","message":"Credits checked for s1transitioncontact@gmail.com: 3","timestamp":"2024-11-22T04:28:37.620Z"}
{"level":"info","message":"Credits updated for s1transitioncontact@gmail.com: 8","timestamp":"2024-11-22T04:29:10.329Z"}
{"level":"info","message":"User s1transitioncontact@gmail.com used a search. Remaining credits: 7","timestamp":"2024-11-22T04:29:19.448Z"}
{"level":"info","message":"Credits checked for s1transitioncontact@gmail.com: 7","timestamp":"2024-11-22T04:29:26.754Z"}
{"level":"info","message":"Credits reset for s1transitioncontact@gmail.com","timestamp":"2024-11-22T04:30:48.964Z"}
{"level":"info","message":"Credits checked for s1transitioncontact@gmail.com: 0","timestamp":"2024-11-22T04:31:11.941Z"}
{"level":"info","message":"Credits checked for s1transitioncontact@gmail.com: 0","timestamp":"2024-11-22T04:31:23.241Z"}
{"level":"info","message":"User s1transitioncontact@gmail.com attempted a search with no credits.","timestamp":"2024-11-22T04:31:35.507Z"}
{"level":"info","message":"Server initialized.","timestamp":"2024-11-22T04:51:33.792Z"}
{"level":"info","message":"Server running on port 5000","timestamp":"2024-11-22T04:51:33.797Z"}
{"level":"info","message":"Credits updated for s1transitioncontact@gmail.com: 5","timestamp":"2024-11-22T04:52:16.116Z"}
{"level":"info","message":"Server initialized.","timestamp":"2024-11-22T05:07:14.842Z"}
{"level":"info","message":"Server running on port 5000","timestamp":"2024-11-22T05:07:14.847Z"}
{"level":"info","message":"Credits checked for s1transitioncontact@gmail.com: 0","timestamp":"2024-11-22T05:07:28.312Z"}
{"level":"info","message":"Credits checked for s1transitioncontact@gmail.com: 0","timestamp":"2024-11-22T05:07:28.319Z"}
{"level":"info","message":"Credits checked for s1transitioncontact@gmail.com: 0","timestamp":"2024-11-22T05:08:10.621Z"}
{"level":"info","message":"Credits updated for s1transitioncontact@gmail.com: 5","timestamp":"2024-11-22T05:08:22.565Z"}
{"level":"info","message":"Credits checked for s1transitioncontact@gmail.com: 5","timestamp":"2024-11-22T05:08:29.515Z"}
{"level":"info","message":"Credits checked for s1transitioncontact@gmail.com: 5","timestamp":"2024-11-22T05:08:29.518Z"}
{"level":"info","message":"Credits updated for s1transitioncontact@gmail.com: 30","timestamp":"2024-11-22T05:11:25.418Z"}
{"level":"info","message":"User s1transitioncontact@gmail.com used a search. Remaining credits: 29","timestamp":"2024-11-22T05:11:41.167Z"}
{"level":"info","message":"User s1transitioncontact@gmail.com used a search. Remaining credits: 28","timestamp":"2024-11-22T05:11:43.588Z"}
{"level":"info","message":"Credits checked for s1transitioncontact@gmail.com: 28","timestamp":"2024-11-22T05:11:47.484Z"}
{"level":"info","message":"Credits checked for s1transitioncontact@gmail.com: 28","timestamp":"2024-11-22T05:11:47.486Z"}
{"level":"info","message":"User undefined attempted a search with no credits.","timestamp":"2024-11-22T05:20:11.606Z"}
{"level":"info","message":"Credits checked for Unknown User: 0","timestamp":"2024-11-22T05:29:41.009Z"}
{"level":"info","message":"Credits checked for Unknown User: 0","timestamp":"2024-11-22T05:29:41.012Z"}
{"level":"info","message":"Credits checked for s1transitioncontact@gmail.com: 28","timestamp":"2024-11-22T05:33:02.563Z"}
{"level":"info","message":"Credits checked for s1transitioncontact@gmail.com: 28","timestamp":"2024-11-22T05:33:02.564Z"}
{"level":"info","message":"Credits checked for s1transitioncontact@gmail.com: 28","timestamp":"2024-11-22T05:33:42.834Z"}
{"level":"info","message":"Credits checked for s1transitioncontact@gmail.com: 28","timestamp":"2024-11-22T05:33:42.836Z"}
{"level":"info","message":"Credits checked for s1transitioncontact@gmail.com: 28","timestamp":"2024-11-22T05:36:04.331Z"}
{"level":"info","message":"Credits checked for s1transitioncontact@gmail.com: 28","timestamp":"2024-11-22T05:36:04.332Z"}
{"level":"info","message":"Credits updated for s1transitioncontact@gmail.com: 33","timestamp":"2024-11-22T05:36:18.545Z"}
{"level":"info","message":"Credits checked for s1transitioncontact@gmail.com: 33","timestamp":"2024-11-22T05:36:21.050Z"}
{"level":"info","message":"Credits checked for s1transitioncontact@gmail.com: 33","timestamp":"2024-11-22T05:36:21.053Z"}
{"level":"info","message":"Server initialized.","timestamp":"2024-11-22T05:38:34.018Z"}
{"level":"info","message":"Server running on port 5000","timestamp":"2024-11-22T05:38:34.024Z"}
{"level":"info","message":"Credits checked for s1transitioncontact@gmail.com: 0","timestamp":"2024-11-22T05:38:48.353Z"}
{"level":"info","message":"Credits checked for s1transitioncontact@gmail.com: 0","timestamp":"2024-11-22T05:38:48.364Z"}
{"level":"info","message":"Credits updated for s1transitioncontact@gmail.com: 5","timestamp":"2024-11-22T05:41:30.949Z"}
{"level":"info","message":"Server initialized.","timestamp":"2024-11-22T05:43:21.547Z"}
{"level":"info","message":"Server running on port 5000","timestamp":"2024-11-22T05:43:21.553Z"}
{"level":"info","message":"Credits checked for s1transitioncontact@gmail.com: 0","timestamp":"2024-11-22T05:43:35.340Z"}
{"level":"info","message":"Credits checked for s1transitioncontact@gmail.com: 0","timestamp":"2024-11-22T05:43:35.352Z"}
{"level":"info","message":"Credits updated for s1transitioncontact@gmail.com: 5","timestamp":"2024-11-22T05:43:40.978Z"}
{"level":"info","message":"User bradygrimm20@gmail.com attempted a search with no credits.","timestamp":"2024-11-22T05:44:08.022Z"}
{"level":"info","message":"Server initialized.","timestamp":"2024-11-22T05:54:41.487Z"}
{"level":"info","message":"Server running on port 5000","timestamp":"2024-11-22T05:54:41.492Z"}
{"level":"info","message":"Credits checked for s1transitioncontact@gmail.com: 0","timestamp":"2024-11-22T05:54:55.865Z"}
{"level":"info","message":"Credits checked for s1transitioncontact@gmail.com: 0","timestamp":"2024-11-22T05:54:55.876Z"}
{"level":"info","message":"Credits updated for s1transitioncontact@gmail.com: 5","timestamp":"2024-11-22T05:55:05.914Z"}
{"level":"info","message":"User undefined attempted a search with no credits.","timestamp":"2024-11-22T05:55:28.265Z"}
{"level":"info","message":"Server initialized.","timestamp":"2024-11-22T06:00:42.528Z"}
{"level":"info","message":"Server running on port 5000","timestamp":"2024-11-22T06:00:42.534Z"}
{"level":"info","message":"Credits checked for s1transitioncontact@gmail.com: 0","timestamp":"2024-11-22T06:00:58.954Z"}
{"level":"info","message":"Credits checked for s1transitioncontact@gmail.com: 0","timestamp":"2024-11-22T06:00:58.964Z"}
{"level":"info","message":"Credits updated for s1transitioncontact@gmail.com: 5","timestamp":"2024-11-22T06:01:09.085Z"}
{"level":"info","message":"User s1transitioncontact@gmail.com used a search. Remaining credits: 4","timestamp":"2024-11-22T06:01:25.055Z"}
{"level":"info","message":"Credits checked for s1transitioncontact@gmail.com: 4","timestamp":"2024-11-22T06:02:01.824Z"}
{"level":"info","message":"Credits checked for s1transitioncontact@gmail.com: 4","timestamp":"2024-11-22T06:02:01.828Z"}
{"level":"info","message":"Server initialized.","timestamp":"2024-11-22T06:08:01.800Z"}
{"level":"info","message":"Server running on port 5000","timestamp":"2024-11-22T06:08:01.805Z"}
{"level":"info","message":"Credits checked for s1transitioncontact@gmail.com: 0","timestamp":"2024-11-22T06:08:26.407Z"}
{"level":"info","message":"Credits checked for s1transitioncontact@gmail.com: 0","timestamp":"2024-11-22T06:08:26.418Z"}
{"level":"info","message":"Credits updated for s1transitioncontact@gmail.com: 5","timestamp":"2024-11-22T06:14:25.313Z"}
{"level":"info","message":"Credits checked for s1transitioncontact@gmail.com: 5","timestamp":"2024-11-22T06:14:29.095Z"}
{"level":"info","message":"Credits checked for s1transitioncontact@gmail.com: 5","timestamp":"2024-11-22T06:14:29.098Z"}
{"level":"info","message":"Credits checked for s1transitioncontact@gmail.com: 5","timestamp":"2024-11-22T06:23:57.775Z"}
{"level":"info","message":"Credits checked for s1transitioncontact@gmail.com: 5","timestamp":"2024-11-22T06:23:57.778Z"}
{"level":"info","message":"User undefined attempted a search with no credits.","timestamp":"2024-11-22T06:43:58.696Z"}
{"level":"info","message":"Credits checked for s1transitioncontact@gmail.com: 5","timestamp":"2024-11-22T06:44:02.072Z"}
{"level":"info","message":"Credits checked for s1transitioncontact@gmail.com: 5","timestamp":"2024-11-22T06:44:02.074Z"}
{"level":"info","message":"User undefined attempted a search with no credits.","timestamp":"2024-11-22T06:45:31.635Z"}
